{"numTotalTestSuites":51,"numPassedTestSuites":51,"numFailedTestSuites":0,"numPendingTestSuites":0,"numTotalTests":89,"numPassedTests":89,"numFailedTests":0,"numPendingTests":0,"numTodoTests":0,"snapshot":{"added":0,"failure":false,"filesAdded":0,"filesRemoved":0,"filesRemovedList":[],"filesUnmatched":0,"filesUpdated":0,"matched":0,"total":0,"unchecked":0,"uncheckedKeysByFile":[],"unmatched":0,"updated":0,"didUpdate":false},"startTime":1789319324654,"success":true,"testResults":[{"assertionResults":[{"ancestorTitles":["backup — round-trip de la lista de Productos"],"fullName":"backup — round-trip de la lista de Productos Property 10","status":"passed","title":"Property 10","duration":100.30399999999986,"failureMessages":[],"meta":{}}],"startTime":1789319328034,"endTime":1789319328134.304,"status":"passed","message":"","name":"C:/REPOSITORIOS/limpipipas/tests/backup.roundtrip.property.test.js"},{"assertionResults":[{"ancestorTitles":["Calculadora — regresión de calcular tras la extracción del editor"],"fullName":"Calculadora — regresión de calcular tras la extracción del editor agregar línea + seleccionar Parametro + Cantidad y calcular renderiza subtotales y total","status":"passed","title":"agregar línea + seleccionar Parametro + Cantidad y calcular renderiza subtotales y total","duration":46.19069999999988,"failureMessages":[],"meta":{}},{"ancestorTitles":["Calculadora — regresión de calcular tras la extracción del editor"],"fullName":"Calculadora — regresión de calcular tras la extracción del editor calcular suma múltiples líneas y muestra el Precio_Total correcto","status":"passed","title":"calcular suma múltiples líneas y muestra el Precio_Total correcto","duration":46.69820000000004,"failureMessages":[],"meta":{}},{"ancestorTitles":["Calculadora — regresión de calcular tras la extracción del editor"],"fullName":"Calculadora — regresión de calcular tras la extracción del editor calcular con nombre inválido notifica error y no renderiza resultado","status":"passed","title":"calcular con nombre inválido notifica error y no renderiza resultado","duration":34.550500000000056,"failureMessages":[],"meta":{}},{"ancestorTitles":["Calculadora — regresión de calcular tras la extracción del editor"],"fullName":"Calculadora — regresión de calcular tras la extracción del editor calcular sin líneas notifica el mensaje SIN_LINEAS","status":"passed","title":"calcular sin líneas notifica el mensaje SIN_LINEAS","duration":18.877500000000055,"failureMessages":[],"meta":{}},{"ancestorTitles":["Calculadora — regresión de guardar tras la extracción del editor"],"fullName":"Calculadora — regresión de guardar tras la extracción del editor guardar construye y persiste el Producto y actualiza el estado compartido","status":"passed","title":"guardar construye y persiste el Producto y actualiza el estado compartido","duration":14.88779999999997,"failureMessages":[],"meta":{}},{"ancestorTitles":["Calculadora — regresión de guardar tras la extracción del editor"],"fullName":"Calculadora — regresión de guardar tras la extracción del editor guardar con fallo de escritura conserva el Producto en memoria y notifica","status":"passed","title":"guardar con fallo de escritura conserva el Producto en memoria y notifica","duration":24.769500000000107,"failureMessages":[],"meta":{}},{"ancestorTitles":["Calculadora — regresión de guardar tras la extracción del editor"],"fullName":"Calculadora — regresión de guardar tras la extracción del editor guardar con parámetro no seleccionado notifica SIN_PARAMETRO y no persiste","status":"passed","title":"guardar con parámetro no seleccionado notifica SIN_PARAMETRO y no persiste","duration":9.844000000000051,"failureMessages":[],"meta":{}},{"ancestorTitles":["Calculadora — desreferencia de Parametros vía funciones de módulo"],"fullName":"Calculadora — desreferencia de Parametros vía funciones de módulo contarLineasQueReferencian delega en el editor de la Calculadora activa","status":"passed","title":"contarLineasQueReferencian delega en el editor de la Calculadora activa","duration":34.47709999999984,"failureMessages":[],"meta":{}},{"ancestorTitles":["Calculadora — desreferencia de Parametros vía funciones de módulo"],"fullName":"Calculadora — desreferencia de Parametros vía funciones de módulo desreferenciarParametro marca como 'sin parámetro' las líneas afectadas de la Calculadora","status":"passed","title":"desreferenciarParametro marca como 'sin parámetro' las líneas afectadas de la Calculadora","duration":16.8141999999998,"failureMessages":[],"meta":{}}],"startTime":1789319326062,"endTime":1789319326309.8142,"status":"passed","message":"","name":"C:/REPOSITORIOS/limpipipas/tests/calculadora.regression.test.js"},{"assertionResults":[{"ancestorTitles":["Eliminación — confirmación previa (Req 4.1)"],"fullName":"Eliminación — confirmación previa (Req 4.1) solicita notifier.confirmar antes de eliminar","status":"passed","title":"solicita notifier.confirmar antes de eliminar","duration":25.136099999999942,"failureMessages":[],"meta":{}},{"ancestorTitles":["Eliminación — confirmación previa (Req 4.1)"],"fullName":"Eliminación — confirmación previa (Req 4.1) no persiste antes de recibir la confirmación (pide primero, actúa después)","status":"passed","title":"no persiste antes de recibir la confirmación (pide primero, actúa después)","duration":12.054900000000089,"failureMessages":[],"meta":{}},{"ancestorTitles":["Eliminación — confirmar quita y persiste (Req 4.2, 4.4)"],"fullName":"Eliminación — confirmar quita y persiste (Req 4.2, 4.4) confirmar quita el Producto de la lista en memoria y conserva el resto en orden (Req 4.2)","status":"passed","title":"confirmar quita el Producto de la lista en memoria y conserva el resto en orden (Req 4.2)","duration":13.301300000000083,"failureMessages":[],"meta":{}},{"ancestorTitles":["Eliminación — confirmar quita y persiste (Req 4.2, 4.4)"],"fullName":"Eliminación — confirmar quita y persiste (Req 4.2, 4.4) confirmar actualiza la vista para dejar de mostrar el Producto (Req 4.4)","status":"passed","title":"confirmar actualiza la vista para dejar de mostrar el Producto (Req 4.4)","duration":13.417799999999943,"failureMessages":[],"meta":{}},{"ancestorTitles":["Eliminación — confirmar quita y persiste (Req 4.2, 4.4)"],"fullName":"Eliminación — confirmar quita y persiste (Req 4.2, 4.4) confirmar persiste la lista resultante vía repository.saveProductos (Req 4.2)","status":"passed","title":"confirmar persiste la lista resultante vía repository.saveProductos (Req 4.2)","duration":9.36889999999994,"failureMessages":[],"meta":{}},{"ancestorTitles":["Eliminación — confirmar quita y persiste (Req 4.2, 4.4)"],"fullName":"Eliminación — confirmar quita y persiste (Req 4.2, 4.4) eliminar el último Producto deja la lista vacía con su indicación","status":"passed","title":"eliminar el último Producto deja la lista vacía con su indicación","duration":12.38579999999979,"failureMessages":[],"meta":{}},{"ancestorTitles":["Eliminación — cancelar no cambia nada (Req 4.3)"],"fullName":"Eliminación — cancelar no cambia nada (Req 4.3) cancelar la confirmación no persiste ni muta la lista de Productos","status":"passed","title":"cancelar la confirmación no persiste ni muta la lista de Productos","duration":7.263899999999921,"failureMessages":[],"meta":{}},{"ancestorTitles":["Eliminación — cancelar no cambia nada (Req 4.3)"],"fullName":"Eliminación — cancelar no cambia nada (Req 4.3) cancelar conserva la fila del Producto en la vista","status":"passed","title":"cancelar conserva la fila del Producto en la vista","duration":8.220800000000054,"failureMessages":[],"meta":{}},{"ancestorTitles":["Eliminación — fallo de persistencia (Req 4.5, 5.3)"],"fullName":"Eliminación — fallo de persistencia (Req 4.5, 5.3) aplica la eliminación en memoria y muestra MENSAJE_NO_PERSISTENTE cuando saveProductos falla","status":"passed","title":"aplica la eliminación en memoria y muestra MENSAJE_NO_PERSISTENTE cuando saveProductos falla","duration":13.309999999999945,"failureMessages":[],"meta":{}}],"startTime":1789319327824,"endTime":1789319327939.31,"status":"passed","message":"","name":"C:/REPOSITORIOS/limpipipas/tests/eliminacion.test.js"},{"assertionResults":[{"ancestorTitles":["Exportar tras editar/eliminar (Req 6.1)"],"fullName":"Exportar tras editar/eliminar (Req 6.1) el respaldo refleja la edición (líneas/subtotales/total) y excluye el eliminado","status":"passed","title":"el respaldo refleja la edición (líneas/subtotales/total) y excluye el eliminado","duration":36.31770000000006,"failureMessages":[],"meta":{}},{"ancestorTitles":["Exportar tras editar/eliminar (Req 6.1)"],"fullName":"Exportar tras editar/eliminar (Req 6.1) el respaldo captura una edición y una eliminación aplicadas desde la UI","status":"passed","title":"el respaldo captura una edición y una eliminación aplicadas desde la UI","duration":110.84180000000015,"failureMessages":[],"meta":{}},{"ancestorTitles":["Importar muestra la Lista_De_Productos con las tres acciones (Req 6.2)"],"fullName":"Importar muestra la Lista_De_Productos con las tres acciones (Req 6.2) tras importar un respaldo válido, cada Producto muestra Ver detalle, Editar y Eliminar","status":"passed","title":"tras importar un respaldo válido, cada Producto muestra Ver detalle, Editar y Eliminar","duration":46.54410000000007,"failureMessages":[],"meta":{}},{"ancestorTitles":["Producto importado: detalle/edición no recalculan (Req 6.3)"],"fullName":"Producto importado: detalle/edición no recalculan (Req 6.3) la Ventana_Detalle muestra líneas, subtotales y Precio_Total tal como se importaron","status":"passed","title":"la Ventana_Detalle muestra líneas, subtotales y Precio_Total tal como se importaron","duration":108.49720000000002,"failureMessages":[],"meta":{}},{"ancestorTitles":["Producto importado: detalle/edición no recalculan (Req 6.3)"],"fullName":"Producto importado: detalle/edición no recalculan (Req 6.3) no muta el Producto importado al abrir el detalle (valores intactos)","status":"passed","title":"no muta el Producto importado al abrir el detalle (valores intactos)","duration":56.565399999999954,"failureMessages":[],"meta":{}},{"ancestorTitles":["Producto importado: detalle/edición no recalculan (Req 6.3)"],"fullName":"Producto importado: detalle/edición no recalculan (Req 6.3) la Ventana_Edicion precarga las líneas importadas (cantidad/parametro) sin alterarlas al abrir","status":"passed","title":"la Ventana_Edicion precarga las líneas importadas (cantidad/parametro) sin alterarlas al abrir","duration":64.18239999999992,"failureMessages":[],"meta":{}},{"ancestorTitles":["Importación inválida (Req 6.4)"],"fullName":"Importación inválida (Req 6.4) JSON malformado: parsearRespaldo devuelve invalid con un motivo","status":"passed","title":"JSON malformado: parsearRespaldo devuelve invalid con un motivo","duration":39.39850000000001,"failureMessages":[],"meta":{}},{"ancestorTitles":["Importación inválida (Req 6.4)"],"fullName":"Importación inválida (Req 6.4) respaldo sin lista `productos`: parsearRespaldo lo rechaza","status":"passed","title":"respaldo sin lista `productos`: parsearRespaldo lo rechaza","duration":22.577800000000025,"failureMessages":[],"meta":{}},{"ancestorTitles":["Importación inválida (Req 6.4)"],"fullName":"Importación inválida (Req 6.4) importar JSON malformado muestra error y conserva los Productos existentes","status":"passed","title":"importar JSON malformado muestra error y conserva los Productos existentes","duration":22.261299999999892,"failureMessages":[],"meta":{}},{"ancestorTitles":["Importación inválida (Req 6.4)"],"fullName":"Importación inválida (Req 6.4) importar un respaldo sin lista `productos` muestra error y conserva los Productos","status":"passed","title":"importar un respaldo sin lista `productos` muestra error y conserva los Productos","duration":18.452399999999898,"failureMessages":[],"meta":{}}],"startTime":1789319325983,"endTime":1789319326509.4524,"status":"passed","message":"","name":"C:/REPOSITORIOS/limpipipas/tests/exportar.importar.integracion.test.js"},{"assertionResults":[{"ancestorTitles":["lineasEditor — precarga con setLineas/getLineas"],"fullName":"lineasEditor — precarga con setLineas/getLineas Property 7","status":"passed","title":"Property 7","duration":469.0383999999999,"failureMessages":[],"meta":{}},{"ancestorTitles":["lineasEditor — aislamiento del Producto original (deep-copy)"],"fullName":"lineasEditor — aislamiento del Producto original (deep-copy) Property 8","status":"passed","title":"Property 8","duration":661.3215000000002,"failureMessages":[],"meta":{}},{"ancestorTitles":["lineasEditor — ejemplos jsdom (Req 3.3)"],"fullName":"lineasEditor — ejemplos jsdom (Req 3.3) estado sin líneas muestra la indicación de vacío","status":"passed","title":"estado sin líneas muestra la indicación de vacío","duration":3.067099999999755,"failureMessages":[],"meta":{}},{"ancestorTitles":["lineasEditor — ejemplos jsdom (Req 3.3)"],"fullName":"lineasEditor — ejemplos jsdom (Req 3.3) agregarLinea re-renderiza una fila y quita el estado vacío","status":"passed","title":"agregarLinea re-renderiza una fila y quita el estado vacío","duration":6.590400000000045,"failureMessages":[],"meta":{}},{"ancestorTitles":["lineasEditor — ejemplos jsdom (Req 3.3)"],"fullName":"lineasEditor — ejemplos jsdom (Req 3.3) eliminarLinea re-renderiza quitando la fila correspondiente","status":"passed","title":"eliminarLinea re-renderiza quitando la fila correspondiente","duration":7.441600000000108,"failureMessages":[],"meta":{}},{"ancestorTitles":["lineasEditor — ejemplos jsdom (Req 3.3)"],"fullName":"lineasEditor — ejemplos jsdom (Req 3.3) el botón Agregar cableado agrega una línea al hacer click","status":"passed","title":"el botón Agregar cableado agrega una línea al hacer click","duration":5.907199999999648,"failureMessages":[],"meta":{}},{"ancestorTitles":["lineasEditor — ejemplos jsdom (Req 3.3)"],"fullName":"lineasEditor — ejemplos jsdom (Req 3.3) el selector refleja los Parametros vigentes y muestra la Unidad","status":"passed","title":"el selector refleja los Parametros vigentes y muestra la Unidad","duration":3.5799999999999272,"failureMessages":[],"meta":{}},{"ancestorTitles":["lineasEditor — ejemplos jsdom (Req 3.3)"],"fullName":"lineasEditor — ejemplos jsdom (Req 3.3) al cambiar el selector actualiza la Unidad mostrada","status":"passed","title":"al cambiar el selector actualiza la Unidad mostrada","duration":1.984899999999925,"failureMessages":[],"meta":{}},{"ancestorTitles":["lineasEditor — ejemplos jsdom (Req 3.3)"],"fullName":"lineasEditor — ejemplos jsdom (Req 3.3) un parámetro referenciado inexistente cae en la opción vacía","status":"passed","title":"un parámetro referenciado inexistente cae en la opción vacía","duration":1.0718999999999141,"failureMessages":[],"meta":{}},{"ancestorTitles":["lineasEditor — ejemplos jsdom (Req 3.3)"],"fullName":"lineasEditor — ejemplos jsdom (Req 3.3) ausencia de contenedor no lanza al operar el editor","status":"passed","title":"ausencia de contenedor no lanza al operar el editor","duration":1.054399999999987,"failureMessages":[],"meta":{}}],"startTime":1789319326314,"endTime":1789319327480.0544,"status":"passed","message":"","name":"C:/REPOSITORIOS/limpipipas/tests/lineas.editor.test.js"},{"assertionResults":[{"ancestorTitles":["Lista_De_Productos — lista no vacía (Req 1.1)"],"fullName":"Lista_De_Productos — lista no vacía (Req 1.1) renderiza un <li> por Producto con su data-id","status":"passed","title":"renderiza un <li> por Producto con su data-id","duration":23.668300000000045,"failureMessages":[],"meta":{}},{"ancestorTitles":["Lista_De_Productos — lista no vacía (Req 1.1)"],"fullName":"Lista_De_Productos — lista no vacía (Req 1.1) muestra el nombre de cada Producto","status":"passed","title":"muestra el nombre de cada Producto","duration":6.649900000000116,"failureMessages":[],"meta":{}},{"ancestorTitles":["Lista_De_Productos — lista no vacía (Req 1.1)"],"fullName":"Lista_De_Productos — lista no vacía (Req 1.1) muestra el Precio_Total en PEN con 2 decimales (formatearPEN)","status":"passed","title":"muestra el Precio_Total en PEN con 2 decimales (formatearPEN)","duration":4.362599999999929,"failureMessages":[],"meta":{}},{"ancestorTitles":["Lista_De_Productos — lista no vacía (Req 1.1)"],"fullName":"Lista_De_Productos — lista no vacía (Req 1.1) renderiza los tres botones (Ver detalle, Editar, Eliminar) por Producto","status":"passed","title":"renderiza los tres botones (Ver detalle, Editar, Eliminar) por Producto","duration":6.780799999999999,"failureMessages":[],"meta":{}},{"ancestorTitles":["Lista_De_Productos — lista vacía (Req 1.2)"],"fullName":"Lista_De_Productos — lista vacía (Req 1.2) muestra la indicación de que no hay productos","status":"passed","title":"muestra la indicación de que no hay productos","duration":3.409400000000005,"failureMessages":[],"meta":{}},{"ancestorTitles":["Lista_De_Productos — lista vacía (Req 1.2)"],"fullName":"Lista_De_Productos — lista vacía (Req 1.2) no muestra ningún botón de acción ni ningún <li> de Producto","status":"passed","title":"no muestra ningún botón de acción ni ningún <li> de Producto","duration":2.322599999999966,"failureMessages":[],"meta":{}},{"ancestorTitles":["Lista_De_Productos — cableado de acciones por id (Req 1.3–1.5)"],"fullName":"Lista_De_Productos — cableado de acciones por id (Req 1.3–1.5) cada botón de acción pertenece al <li> del Producto correcto (id correcto)","status":"passed","title":"cada botón de acción pertenece al <li> del Producto correcto (id correcto)","duration":5.031799999999976,"failureMessages":[],"meta":{}},{"ancestorTitles":["Lista_De_Productos — cableado de acciones por id (Req 1.3–1.5)"],"fullName":"Lista_De_Productos — cableado de acciones por id (Req 1.3–1.5) clic en Ver detalle no lanza (Req 1.3)","status":"passed","title":"clic en Ver detalle no lanza (Req 1.3)","duration":5.13390000000004,"failureMessages":[],"meta":{}},{"ancestorTitles":["Lista_De_Productos — cableado de acciones por id (Req 1.3–1.5)"],"fullName":"Lista_De_Productos — cableado de acciones por id (Req 1.3–1.5) clic en Editar no lanza (Req 1.4)","status":"passed","title":"clic en Editar no lanza (Req 1.4)","duration":5.7280000000000655,"failureMessages":[],"meta":{}},{"ancestorTitles":["Lista_De_Productos — cableado de acciones por id (Req 1.3–1.5)"],"fullName":"Lista_De_Productos — cableado de acciones por id (Req 1.3–1.5) clic en Eliminar no lanza (Req 1.5)","status":"passed","title":"clic en Eliminar no lanza (Req 1.5)","duration":8.148699999999963,"failureMessages":[],"meta":{}},{"ancestorTitles":["Lista_De_Productos — cableado de acciones por id (Req 1.3–1.5)"],"fullName":"Lista_De_Productos — cableado de acciones por id (Req 1.3–1.5) clic en las acciones no muta el estado ni el número de Productos","status":"passed","title":"clic en las acciones no muta el estado ni el número de Productos","duration":4.891900000000078,"failureMessages":[],"meta":{}}],"startTime":1789319327811,"endTime":1789319327887.8918,"status":"passed","message":"","name":"C:/REPOSITORIOS/limpipipas/tests/lista.productos.test.js"},{"assertionResults":[{"ancestorTitles":["Persistencia — guardar edición (Req 5.1)"],"fullName":"Persistencia — guardar edición (Req 5.1) invoca repository.saveProductos con la lista COMPLETA de Productos","status":"passed","title":"invoca repository.saveProductos con la lista COMPLETA de Productos","duration":118.43330000000014,"failureMessages":[],"meta":{}},{"ancestorTitles":["Persistencia — confirmar eliminación (Req 5.2)"],"fullName":"Persistencia — confirmar eliminación (Req 5.2) invoca repository.saveProductos con la lista COMPLETA sin el eliminado","status":"passed","title":"invoca repository.saveProductos con la lista COMPLETA sin el eliminado","duration":38.11870000000022,"failureMessages":[],"meta":{}},{"ancestorTitles":["Persistencia — confirmar eliminación (Req 5.2)"],"fullName":"Persistencia — confirmar eliminación (Req 5.2) no invoca repository.saveProductos si el usuario cancela la confirmación","status":"passed","title":"no invoca repository.saveProductos si el usuario cancela la confirmación","duration":12.011299999999892,"failureMessages":[],"meta":{}},{"ancestorTitles":["Round-trip de sesión con repository.load() (Req 5.4)"],"fullName":"Round-trip de sesión con repository.load() (Req 5.4) restaura una edición previamente guardada","status":"passed","title":"restaura una edición previamente guardada","duration":25.645099999999957,"failureMessages":[],"meta":{}},{"ancestorTitles":["Round-trip de sesión con repository.load() (Req 5.4)"],"fullName":"Round-trip de sesión con repository.load() (Req 5.4) restaura una lista sin el Producto eliminado","status":"passed","title":"restaura una lista sin el Producto eliminado","duration":14.603600000000142,"failureMessages":[],"meta":{}},{"ancestorTitles":["Round-trip de sesión con repository.load() (Req 5.4)"],"fullName":"Round-trip de sesión con repository.load() (Req 5.4) restaura el resultado combinado de una edición y una eliminación","status":"passed","title":"restaura el resultado combinado de una edición y una eliminación","duration":90.86999999999989,"failureMessages":[],"meta":{}}],"startTime":1789319326062,"endTime":1789319326362.87,"status":"passed","message":"","name":"C:/REPOSITORIOS/limpipipas/tests/persistencia.integracion.test.js"},{"assertionResults":[{"ancestorTitles":["resolverDetalle — orden, nombre, unidad y subtotal almacenado"],"fullName":"resolverDetalle — orden, nombre, unidad y subtotal almacenado Property 1","status":"passed","title":"Property 1","duration":120.67889999999989,"failureMessages":[],"meta":{}},{"ancestorTitles":["resolverDetalle — Precio_Total preservado"],"fullName":"resolverDetalle — Precio_Total preservado Property 2","status":"passed","title":"Property 2","duration":38.1395,"failureMessages":[],"meta":{}},{"ancestorTitles":["resolverDetalle — Parametro ausente"],"fullName":"resolverDetalle — Parametro ausente Property 3","status":"passed","title":"Property 3","duration":83.49009999999998,"failureMessages":[],"meta":{}},{"ancestorTitles":["editarProducto — conserva id y nombre"],"fullName":"editarProducto — conserva id y nombre Property 4","status":"passed","title":"Property 4","duration":33.843000000000075,"failureMessages":[],"meta":{}},{"ancestorTitles":["editarProducto — subtotales y Precio_Total consistentes"],"fullName":"editarProducto — subtotales y Precio_Total consistentes Property 5","status":"passed","title":"Property 5","duration":89.41809999999987,"failureMessages":[],"meta":{}},{"ancestorTitles":["editarProducto — aislamiento del resto y tamaño de la lista"],"fullName":"editarProducto — aislamiento del resto y tamaño de la lista Property 6","status":"passed","title":"Property 6","duration":130.8837000000001,"failureMessages":[],"meta":{}},{"ancestorTitles":["eliminarProducto — quita uno, conserva el resto"],"fullName":"eliminarProducto — quita uno, conserva el resto Property 9","status":"passed","title":"Property 9","duration":55.4072000000001,"failureMessages":[],"meta":{}}],"startTime":1789319326344,"endTime":1789319326897.4072,"status":"passed","message":"","name":"C:/REPOSITORIOS/limpipipas/tests/productos.ops.property.test.js"},{"assertionResults":[{"ancestorTitles":["entorno de pruebas (Tarea 1)"],"fullName":"entorno de pruebas (Tarea 1) carga los Scripts_Clasicos de src/ y puebla window.LP","status":"passed","title":"carga los Scripts_Clasicos de src/ y puebla window.LP","duration":9.246499999999969,"failureMessages":[],"meta":{}},{"ancestorTitles":["entorno de pruebas (Tarea 1)"],"fullName":"entorno de pruebas (Tarea 1) dispone del entorno jsdom (window y document)","status":"passed","title":"dispone del entorno jsdom (window y document)","duration":1.8822000000000116,"failureMessages":[],"meta":{}},{"ancestorTitles":["entorno de pruebas (Tarea 1)"],"fullName":"entorno de pruebas (Tarea 1) fast-check está disponible para pruebas de propiedad","status":"passed","title":"fast-check está disponible para pruebas de propiedad","duration":8.097299999999905,"failureMessages":[],"meta":{}}],"startTime":1789319328023,"endTime":1789319328042.0974,"status":"passed","message":"","name":"C:/REPOSITORIOS/limpipipas/tests/setup.smoke.test.js"},{"assertionResults":[{"ancestorTitles":["Ventana_Detalle — Producto con líneas (Req 2.1–2.3)"],"fullName":"Ventana_Detalle — Producto con líneas (Req 2.1–2.3) muestra el nombre del Producto en el título (Req 2.1)","status":"passed","title":"muestra el nombre del Producto en el título (Req 2.1)","duration":46.112100000000055,"failureMessages":[],"meta":{}},{"ancestorTitles":["Ventana_Detalle — Producto con líneas (Req 2.1–2.3)"],"fullName":"Ventana_Detalle — Producto con líneas (Req 2.1–2.3) muestra las líneas en orden con nombre, cantidad, unidad y subtotal en PEN (Req 2.2)","status":"passed","title":"muestra las líneas en orden con nombre, cantidad, unidad y subtotal en PEN (Req 2.2)","duration":13.477899999999863,"failureMessages":[],"meta":{}},{"ancestorTitles":["Ventana_Detalle — Producto con líneas (Req 2.1–2.3)"],"fullName":"Ventana_Detalle — Producto con líneas (Req 2.1–2.3) respeta el orden de creación de las líneas (Req 2.2)","status":"passed","title":"respeta el orden de creación de las líneas (Req 2.2)","duration":8.429599999999937,"failureMessages":[],"meta":{}},{"ancestorTitles":["Ventana_Detalle — Producto con líneas (Req 2.1–2.3)"],"fullName":"Ventana_Detalle — Producto con líneas (Req 2.1–2.3) muestra el Precio_Total en PEN con 2 decimales (Req 2.3)","status":"passed","title":"muestra el Precio_Total en PEN con 2 decimales (Req 2.3)","duration":8.785200000000032,"failureMessages":[],"meta":{}},{"ancestorTitles":["Ventana_Detalle — Parametro ausente (Req 2.4)"],"fullName":"Ventana_Detalle — Parametro ausente (Req 2.4) muestra el texto NOMBRE_PARAMETRO_AUSENTE para la línea con Parametro inexistente","status":"passed","title":"muestra el texto NOMBRE_PARAMETRO_AUSENTE para la línea con Parametro inexistente","duration":19.146299999999883,"failureMessages":[],"meta":{}},{"ancestorTitles":["Ventana_Detalle — Parametro ausente (Req 2.4)"],"fullName":"Ventana_Detalle — Parametro ausente (Req 2.4) deja la Unidad vacía para la línea ausente y conserva el subtotal almacenado","status":"passed","title":"deja la Unidad vacía para la línea ausente y conserva el subtotal almacenado","duration":19.450900000000047,"failureMessages":[],"meta":{}},{"ancestorTitles":["Ventana_Detalle — solo lectura (Req 2.5)"],"fullName":"Ventana_Detalle — solo lectura (Req 2.5) no contiene controles de edición de líneas (inputs, selects ni botones de acción)","status":"passed","title":"no contiene controles de edición de líneas (inputs, selects ni botones de acción)","duration":30.414599999999837,"failureMessages":[],"meta":{}},{"ancestorTitles":["Ventana_Detalle — abrir/cerrar no persiste ni muta (Req 2.6)"],"fullName":"Ventana_Detalle — abrir/cerrar no persiste ni muta (Req 2.6) abrir el detalle no llama a setProductos ni cambia la lista","status":"passed","title":"abrir el detalle no llama a setProductos ni cambia la lista","duration":49.632899999999836,"failureMessages":[],"meta":{}},{"ancestorTitles":["Ventana_Detalle — abrir/cerrar no persiste ni muta (Req 2.6)"],"fullName":"Ventana_Detalle — abrir/cerrar no persiste ni muta (Req 2.6) cerrar el detalle (fallback manual) oculta el modal sin mutar el estado","status":"passed","title":"cerrar el detalle (fallback manual) oculta el modal sin mutar el estado","duration":53.27350000000001,"failureMessages":[],"meta":{}},{"ancestorTitles":["Ventana_Detalle — Producto sin líneas (Req 2.7)"],"fullName":"Ventana_Detalle — Producto sin líneas (Req 2.7) muestra el nombre, el mensaje de 'sin líneas' y el Precio_Total","status":"passed","title":"muestra el nombre, el mensaje de 'sin líneas' y el Precio_Total","duration":59.64790000000016,"failureMessages":[],"meta":{}},{"ancestorTitles":["Ventana_Detalle — fallback sin la API de Bootstrap"],"fullName":"Ventana_Detalle — fallback sin la API de Bootstrap no lanza y hace visible el modal alternando d-none/show","status":"passed","title":"no lanza y hace visible el modal alternando d-none/show","duration":28.062400000000025,"failureMessages":[],"meta":{}}],"startTime":1789319326065,"endTime":1789319326402.0625,"status":"passed","message":"","name":"C:/REPOSITORIOS/limpipipas/tests/ventana.detalle.test.js"},{"assertionResults":[{"ancestorTitles":["Ventana_Edicion — apertura (Req 3.1, 3.2)"],"fullName":"Ventana_Edicion — apertura (Req 3.1, 3.2) muestra el nombre del Producto en el input de solo lectura (Req 3.1)","status":"passed","title":"muestra el nombre del Producto en el input de solo lectura (Req 3.1)","duration":83.15840000000003,"failureMessages":[],"meta":{}},{"ancestorTitles":["Ventana_Edicion — apertura (Req 3.1, 3.2)"],"fullName":"Ventana_Edicion — apertura (Req 3.1, 3.2) precarga una línea por cada Linea_De_Calculo con Parametro y Cantidad (Req 3.2)","status":"passed","title":"precarga una línea por cada Linea_De_Calculo con Parametro y Cantidad (Req 3.2)","duration":102.82860000000005,"failureMessages":[],"meta":{}},{"ancestorTitles":["Ventana_Edicion — apertura (Req 3.1, 3.2)"],"fullName":"Ventana_Edicion — apertura (Req 3.1, 3.2) precarga refleja exactamente las líneas del Producto abierto (prod-2)","status":"passed","title":"precarga refleja exactamente las líneas del Producto abierto (prod-2)","duration":29.279600000000073,"failureMessages":[],"meta":{}},{"ancestorTitles":["Ventana_Edicion — rechazos de guardado (Req 3.6–3.8)"],"fullName":"Ventana_Edicion — rechazos de guardado (Req 3.6–3.8) sin líneas rechaza con SIN_LINEAS, no persiste y conserva el estado (Req 3.6)","status":"passed","title":"sin líneas rechaza con SIN_LINEAS, no persiste y conserva el estado (Req 3.6)","duration":71.00829999999996,"failureMessages":[],"meta":{}},{"ancestorTitles":["Ventana_Edicion — rechazos de guardado (Req 3.6–3.8)"],"fullName":"Ventana_Edicion — rechazos de guardado (Req 3.6–3.8) cantidad inválida rechaza con CANTIDAD_INVALIDA, no persiste y conserva datos (Req 3.7)","status":"passed","title":"cantidad inválida rechaza con CANTIDAD_INVALIDA, no persiste y conserva datos (Req 3.7)","duration":46.51260000000002,"failureMessages":[],"meta":{}},{"ancestorTitles":["Ventana_Edicion — rechazos de guardado (Req 3.6–3.8)"],"fullName":"Ventana_Edicion — rechazos de guardado (Req 3.6–3.8) línea sin Parametro rechaza con SIN_PARAMETRO, no persiste y conserva datos (Req 3.8)","status":"passed","title":"línea sin Parametro rechaza con SIN_PARAMETRO, no persiste y conserva datos (Req 3.8)","duration":85.47080000000005,"failureMessages":[],"meta":{}},{"ancestorTitles":["Ventana_Edicion — guardado válido (Req 3.5)"],"fullName":"Ventana_Edicion — guardado válido (Req 3.5) reemplaza el Producto por id conservando id y nombre, recalcula y persiste","status":"passed","title":"reemplaza el Producto por id conservando id y nombre, recalcula y persiste","duration":52.89779999999996,"failureMessages":[],"meta":{}},{"ancestorTitles":["Ventana_Edicion — guardado válido (Req 3.5)"],"fullName":"Ventana_Edicion — guardado válido (Req 3.5) cierra el modal tras un guardado válido","status":"passed","title":"cierra el modal tras un guardado válido","duration":24.813199999999824,"failureMessages":[],"meta":{}},{"ancestorTitles":["Ventana_Edicion — guardado válido (Req 3.5)"],"fullName":"Ventana_Edicion — guardado válido (Req 3.5) re-renderiza la Lista_De_Productos con el Precio_Total actualizado","status":"passed","title":"re-renderiza la Lista_De_Productos con el Precio_Total actualizado","duration":26.17769999999996,"failureMessages":[],"meta":{}},{"ancestorTitles":["Ventana_Edicion — fallo de persistencia (Req 5.3)"],"fullName":"Ventana_Edicion — fallo de persistencia (Req 5.3) aplica el cambio en memoria y muestra MENSAJE_NO_PERSISTENTE cuando saveProductos falla","status":"passed","title":"aplica el cambio en memoria y muestra MENSAJE_NO_PERSISTENTE cuando saveProductos falla","duration":14.986300000000028,"failureMessages":[],"meta":{}},{"ancestorTitles":["Ventana_Edicion — cancelar/cerrar (Req 3.9)"],"fullName":"Ventana_Edicion — cancelar/cerrar (Req 3.9) cancelar tras editar líneas no muta la lista de Productos ni persiste","status":"passed","title":"cancelar tras editar líneas no muta la lista de Productos ni persiste","duration":23.24459999999999,"failureMessages":[],"meta":{}},{"ancestorTitles":["Ventana_Edicion — cancelar/cerrar (Req 3.9)"],"fullName":"Ventana_Edicion — cancelar/cerrar (Req 3.9) cerrar y reabrir descarta las modificaciones no guardadas del editor","status":"passed","title":"cerrar y reabrir descarta las modificaciones no guardadas del editor","duration":33.17619999999988,"failureMessages":[],"meta":{}}],"startTime":1789319325978,"endTime":1789319326574.1763,"status":"passed","message":"","name":"C:/REPOSITORIOS/limpipipas/tests/ventana.edicion.test.js"}]}